<?xml version="1.0" encoding="UTF-8"?>
<testsuite xmlns:xsi="http://www.w3.org/2001/XMLSchema-instance" xsi:noNamespaceSchemaLocation="https://maven.apache.org/surefire/maven-surefire-plugin/xsd/surefire-test-report-3.0.xsd" version="3.0" name="se.swedsoft.bookkeeping.calc.SSOCRNumberTest" time="0.064" tests="4" errors="0" skipped="0" failures="0">
  <properties>
[...]
</properties>
  <testcase name="OCRChangesWhenInvoiceNumberChanges" classname="se.swedsoft.bookkeeping.calc.SSOCRNumberTest" time="0.053"/>
  <testcase name="OCRContainsInvoiceNumber" classname="se.swedsoft.bookkeeping.calc.SSOCRNumberTest" time="0.002"/>
  <testcase name="OCRNumberIsTheSameForOneNumber" classname="se.swedsoft.bookkeeping.calc.SSOCRNumberTest" time="0.0"/>
  <testcase name="DontChangeBehaviorWithoutChangingMe" classname="se.swedsoft.bookkeeping.calc.SSOCRNumberTest" time="0.0"/>
</testsuite>